2022-06-30 00:06:733 INFO  ManageDriver :33 - Launching Chrome Browser
2022-06-30 00:06:722 INFO  HomePage :32 - Click on Accept cookies : [[ChromeDriver: chrome on WINDOWS (3e61fbdc237afb9ac19ec82810e7d055)] -> xpath: //button[@id='ccc-notify-accept']]
2022-06-30 00:06:836 INFO  HomePage :27 - Click on Login link : [[ChromeDriver: chrome on WINDOWS (3e61fbdc237afb9ac19ec82810e7d055)] -> xpath: //a[contains(text(),'Login')]]
2022-06-30 00:06:992 INFO  LoginPage :54 - Send username to usernameField : Proxy element for: DefaultElementLocator 'By.xpath: //input[@id='login_inp']'
2022-06-30 00:06:240 INFO  LoginPage :49 - Send password to passwordField : [[ChromeDriver: chrome on WINDOWS (3e61fbdc237afb9ac19ec82810e7d055)] -> xpath: //input[@type='password']]
2022-06-30 00:06:338 INFO  LoginPage :44 - Click on Login button : [[ChromeDriver: chrome on WINDOWS (3e61fbdc237afb9ac19ec82810e7d055)] -> xpath: //button[contains(text(),'Login')]]
2022-06-30 00:06:897 INFO  LoginPage :39 - Get Error Text : [[ChromeDriver: chrome on WINDOWS (3e61fbdc237afb9ac19ec82810e7d055)] -> xpath: //div[@id='error']]
2022-06-30 00:06:522 INFO  ManageDriver :33 - Launching Chrome Browser
2022-06-30 00:06:250 INFO  HomePage :32 - Click on Accept cookies : [[ChromeDriver: chrome on WINDOWS (92c8014e48b4c4a5619e20b4ff778ea6)] -> xpath: //button[@id='ccc-notify-accept']]
2022-06-30 00:06:356 INFO  HomePage :27 - Click on Login link : [[ChromeDriver: chrome on WINDOWS (92c8014e48b4c4a5619e20b4ff778ea6)] -> xpath: //a[contains(text(),'Login')]]
2022-06-30 00:06:808 INFO  LoginPage :61 - Send username to usernameField : [[ChromeDriver: chrome on WINDOWS (92c8014e48b4c4a5619e20b4ff778ea6)] -> xpath: //input[@id='login_inp']]
2022-06-30 00:06:860 INFO  LoginPage :49 - Send password to passwordField : [[ChromeDriver: chrome on WINDOWS (92c8014e48b4c4a5619e20b4ff778ea6)] -> xpath: //input[@type='password']]
2022-06-30 00:06:911 INFO  LoginPage :44 - Click on Login button : [[ChromeDriver: chrome on WINDOWS (92c8014e48b4c4a5619e20b4ff778ea6)] -> xpath: //button[contains(text(),'Login')]]
2022-06-30 00:06:333 INFO  LoginPage :39 - Get Error Text : [[ChromeDriver: chrome on WINDOWS (92c8014e48b4c4a5619e20b4ff778ea6)] -> xpath: //div[@id='error']]
2022-06-30 00:06:807 INFO  ManageDriver :33 - Launching Chrome Browser
2022-06-30 00:06:673 INFO  HomePage :32 - Click on Accept cookies : [[ChromeDriver: chrome on WINDOWS (6350e85656969d6116c606467ff573c8)] -> xpath: //button[@id='ccc-notify-accept']]
2022-06-30 00:06:768 INFO  HomePage :27 - Click on Login link : [[ChromeDriver: chrome on WINDOWS (6350e85656969d6116c606467ff573c8)] -> xpath: //a[contains(text(),'Login')]]
2022-06-30 00:06:193 INFO  LoginPage :61 - Send username to usernameField : [[ChromeDriver: chrome on WINDOWS (6350e85656969d6116c606467ff573c8)] -> xpath: //input[@id='login_inp']]
2022-06-30 00:06:258 INFO  LoginPage :49 - Send password to passwordField : [[ChromeDriver: chrome on WINDOWS (6350e85656969d6116c606467ff573c8)] -> xpath: //input[@type='password']]
2022-06-30 00:06:317 INFO  LoginPage :44 - Click on Login button : [[ChromeDriver: chrome on WINDOWS (6350e85656969d6116c606467ff573c8)] -> xpath: //button[contains(text(),'Login')]]
2022-06-30 00:06:748 INFO  LoginPage :39 - Get Error Text : [[ChromeDriver: chrome on WINDOWS (6350e85656969d6116c606467ff573c8)] -> xpath: //div[@id='error']]
2022-06-30 00:06:556 INFO  ManageDriver :33 - Launching Chrome Browser
2022-06-30 00:06:480 INFO  HomePage :32 - Click on Accept cookies : [[ChromeDriver: chrome on WINDOWS (bb173941c061ab6eb96a702efde2ff62)] -> xpath: //button[@id='ccc-notify-accept']]
2022-06-30 00:06:545 INFO  HomePage :27 - Click on Login link : [[ChromeDriver: chrome on WINDOWS (bb173941c061ab6eb96a702efde2ff62)] -> xpath: //a[contains(text(),'Login')]]
2022-06-30 00:06:40 INFO  LoginPage :61 - Send username to usernameField : [[ChromeDriver: chrome on WINDOWS (bb173941c061ab6eb96a702efde2ff62)] -> xpath: //input[@id='login_inp']]
2022-06-30 00:06:95 INFO  LoginPage :49 - Send password to passwordField : [[ChromeDriver: chrome on WINDOWS (bb173941c061ab6eb96a702efde2ff62)] -> xpath: //input[@type='password']]
2022-06-30 00:06:143 INFO  LoginPage :44 - Click on Login button : [[ChromeDriver: chrome on WINDOWS (bb173941c061ab6eb96a702efde2ff62)] -> xpath: //button[contains(text(),'Login')]]
2022-06-30 00:06:640 INFO  LoginPage :39 - Get Error Text : [[ChromeDriver: chrome on WINDOWS (bb173941c061ab6eb96a702efde2ff62)] -> xpath: //div[@id='error']]
2022-06-30 00:06:594 INFO  ManageDriver :33 - Launching Chrome Browser
2022-06-30 00:06:262 INFO  HomePage :32 - Click on Accept cookies : [[ChromeDriver: chrome on WINDOWS (f3e3f26cb8ec9c07b998c4a935829933)] -> xpath: //button[@id='ccc-notify-accept']]
2022-06-30 00:06:343 INFO  HomePage :27 - Click on Login link : [[ChromeDriver: chrome on WINDOWS (f3e3f26cb8ec9c07b998c4a935829933)] -> xpath: //a[contains(text(),'Login')]]
2022-06-30 00:06:821 INFO  LoginPage :61 - Send username to usernameField : [[ChromeDriver: chrome on WINDOWS (f3e3f26cb8ec9c07b998c4a935829933)] -> xpath: //input[@id='login_inp']]
2022-06-30 00:06:873 INFO  LoginPage :49 - Send password to passwordField : [[ChromeDriver: chrome on WINDOWS (f3e3f26cb8ec9c07b998c4a935829933)] -> xpath: //input[@type='password']]
2022-06-30 00:06:928 INFO  LoginPage :44 - Click on Login button : [[ChromeDriver: chrome on WINDOWS (f3e3f26cb8ec9c07b998c4a935829933)] -> xpath: //button[contains(text(),'Login')]]
2022-06-30 00:06:339 INFO  LoginPage :39 - Get Error Text : [[ChromeDriver: chrome on WINDOWS (f3e3f26cb8ec9c07b998c4a935829933)] -> xpath: //div[@id='error']]
2022-06-30 12:06:201 INFO  ManageDriver :33 - Launching Chrome Browser
2022-06-30 12:06:983 INFO  HomePage :32 - Click on Accept cookies : [[ChromeDriver: chrome on WINDOWS (0e8b91aa9ee6396d6f058c122737b3e0)] -> xpath: //button[@id='ccc-notify-accept']]
2022-06-30 12:06:52 INFO  HomePage :27 - Click on Login link : [[ChromeDriver: chrome on WINDOWS (0e8b91aa9ee6396d6f058c122737b3e0)] -> xpath: //a[contains(text(),'Login')]]
2022-06-30 12:06:507 INFO  LoginPage :61 - Send username to usernameField : [[ChromeDriver: chrome on WINDOWS (0e8b91aa9ee6396d6f058c122737b3e0)] -> xpath: //input[@id='login_inp']]
2022-06-30 12:06:574 INFO  LoginPage :49 - Send password to passwordField : [[ChromeDriver: chrome on WINDOWS (0e8b91aa9ee6396d6f058c122737b3e0)] -> xpath: //input[@type='password']]
2022-06-30 12:06:641 INFO  LoginPage :44 - Click on Login button : [[ChromeDriver: chrome on WINDOWS (0e8b91aa9ee6396d6f058c122737b3e0)] -> xpath: //button[contains(text(),'Login')]]
2022-06-30 12:06:42 INFO  LoginPage :39 - Get Error Text : [[ChromeDriver: chrome on WINDOWS (0e8b91aa9ee6396d6f058c122737b3e0)] -> xpath: //div[@id='error']]
2022-06-30 13:06:63 INFO  ManageDriver :33 - Launching Chrome Browser
2022-06-30 13:06:72 INFO  HomePage :32 - Click on Accept cookies : [[ChromeDriver: chrome on WINDOWS (4597ac0fbf28dcdae5d7946180df72bf)] -> xpath: //button[@id='ccc-notify-accept']]
2022-06-30 13:06:185 INFO  HomePage :27 - Click on Login link : [[ChromeDriver: chrome on WINDOWS (4597ac0fbf28dcdae5d7946180df72bf)] -> xpath: //a[contains(text(),'Login')]]
2022-06-30 13:06:573 INFO  LoginPage :61 - Send username to usernameField : [[ChromeDriver: chrome on WINDOWS (4597ac0fbf28dcdae5d7946180df72bf)] -> xpath: //input[@id='login_inp']]
2022-06-30 13:06:632 INFO  LoginPage :49 - Send password to passwordField : [[ChromeDriver: chrome on WINDOWS (4597ac0fbf28dcdae5d7946180df72bf)] -> xpath: //input[@type='password']]
2022-06-30 13:06:683 INFO  LoginPage :44 - Click on Login button : [[ChromeDriver: chrome on WINDOWS (4597ac0fbf28dcdae5d7946180df72bf)] -> xpath: //button[contains(text(),'Login')]]
2022-06-30 13:06:84 INFO  LoginPage :39 - Get Error Text : [[ChromeDriver: chrome on WINDOWS (4597ac0fbf28dcdae5d7946180df72bf)] -> xpath: //div[@id='error']]
2022-06-30 13:06:158 INFO  ManageDriver :33 - Launching Chrome Browser
2022-06-30 13:06:893 INFO  HomePage :32 - Click on Accept cookies : [[ChromeDriver: chrome on WINDOWS (293346b11fb2ededad191ac8f1d47e1b)] -> xpath: //button[@id='ccc-notify-accept']]
2022-06-30 13:06:976 INFO  HomePage :27 - Click on Login link : [[ChromeDriver: chrome on WINDOWS (293346b11fb2ededad191ac8f1d47e1b)] -> xpath: //a[contains(text(),'Login')]]
2022-06-30 13:06:488 INFO  LoginPage :61 - Send username to usernameField : [[ChromeDriver: chrome on WINDOWS (293346b11fb2ededad191ac8f1d47e1b)] -> xpath: //input[@id='login_inp']]
2022-06-30 13:06:562 INFO  LoginPage :49 - Send password to passwordField : [[ChromeDriver: chrome on WINDOWS (293346b11fb2ededad191ac8f1d47e1b)] -> xpath: //input[@type='password']]
2022-06-30 13:06:629 INFO  LoginPage :44 - Click on Login button : [[ChromeDriver: chrome on WINDOWS (293346b11fb2ededad191ac8f1d47e1b)] -> xpath: //button[contains(text(),'Login')]]
2022-06-30 13:06:74 INFO  LoginPage :39 - Get Error Text : [[ChromeDriver: chrome on WINDOWS (293346b11fb2ededad191ac8f1d47e1b)] -> xpath: //div[@id='error']]
2022-06-30 16:06:519 INFO  ManageDriver :33 - Launching Chrome Browser
2022-06-30 16:06:742 INFO  HomePage :32 - Click on Accept cookies : [[ChromeDriver: chrome on WINDOWS (f3ab4a246d0a06af8d05e4a5097823ab)] -> xpath: //button[@id='ccc-notify-accept']]
2022-06-30 16:06:861 INFO  HomePage :27 - Click on Login link : [[ChromeDriver: chrome on WINDOWS (f3ab4a246d0a06af8d05e4a5097823ab)] -> xpath: //a[contains(text(),'Login')]]
2022-06-30 16:06:525 INFO  LoginPage :61 - Send username to usernameField : [[ChromeDriver: chrome on WINDOWS (f3ab4a246d0a06af8d05e4a5097823ab)] -> xpath: //input[@id='login_inp']]
2022-06-30 16:06:598 INFO  LoginPage :49 - Send password to passwordField : [[ChromeDriver: chrome on WINDOWS (f3ab4a246d0a06af8d05e4a5097823ab)] -> xpath: //input[@type='password']]
2022-06-30 16:06:718 INFO  LoginPage :44 - Click on Login button : [[ChromeDriver: chrome on WINDOWS (f3ab4a246d0a06af8d05e4a5097823ab)] -> xpath: //button[contains(text(),'Login')]]
2022-06-30 16:06:240 INFO  LoginPage :39 - Get Error Text : [[ChromeDriver: chrome on WINDOWS (f3ab4a246d0a06af8d05e4a5097823ab)] -> xpath: //div[@id='error']]
2022-06-30 16:06:183 INFO  ManageDriver :33 - Launching Chrome Browser
2022-06-30 16:06:958 INFO  ManageDriver :33 - Launching Chrome Browser
2022-06-30 16:06:857 INFO  HomePage :32 - Click on Accept cookies : [[ChromeDriver: chrome on WINDOWS (ad3415712091345b0bed3c8d323733d7)] -> xpath: //button[@id='ccc-notify-accept']]
2022-06-30 16:06:966 INFO  HomePage :27 - Click on Login link : [[ChromeDriver: chrome on WINDOWS (ad3415712091345b0bed3c8d323733d7)] -> xpath: //a[contains(text(),'Login')]]
2022-06-30 16:06:723 INFO  LoginPage :61 - Send username to usernameField : [[ChromeDriver: chrome on WINDOWS (ad3415712091345b0bed3c8d323733d7)] -> xpath: //input[@id='login_inp']]
2022-06-30 16:06:818 INFO  LoginPage :49 - Send password to passwordField : [[ChromeDriver: chrome on WINDOWS (ad3415712091345b0bed3c8d323733d7)] -> xpath: //input[@type='password']]
2022-06-30 16:06:903 INFO  LoginPage :44 - Click on Login button : [[ChromeDriver: chrome on WINDOWS (ad3415712091345b0bed3c8d323733d7)] -> xpath: //button[contains(text(),'Login')]]
2022-06-30 16:06:442 INFO  LoginPage :39 - Get Error Text : [[ChromeDriver: chrome on WINDOWS (ad3415712091345b0bed3c8d323733d7)] -> xpath: //div[@id='error']]
2022-07-05 11:07:381 INFO  ManageDriver :33 - Launching Chrome Browser
2022-07-05 11:07:520 INFO  HomePage :32 - Click on Accept cookies : [[ChromeDriver: chrome on WINDOWS (9d0a776d39841bc8807123a86b53f78b)] -> xpath: //button[@id='ccc-notify-accept']]
2022-07-05 11:07:685 INFO  HomePage :27 - Click on Login link : [[ChromeDriver: chrome on WINDOWS (9d0a776d39841bc8807123a86b53f78b)] -> xpath: //a[contains(text(),'Login')]]
2022-07-05 11:07:148 INFO  LoginPage :61 - Send username to usernameField : [[ChromeDriver: chrome on WINDOWS (9d0a776d39841bc8807123a86b53f78b)] -> xpath: //input[@id='login_inp']]
2022-07-05 11:07:209 INFO  LoginPage :49 - Send password to passwordField : [[ChromeDriver: chrome on WINDOWS (9d0a776d39841bc8807123a86b53f78b)] -> xpath: //input[@type='password']]
2022-07-05 11:07:273 INFO  LoginPage :44 - Click on Login button : [[ChromeDriver: chrome on WINDOWS (9d0a776d39841bc8807123a86b53f78b)] -> xpath: //button[contains(text(),'Login')]]
2022-07-05 11:07:781 INFO  LoginPage :39 - Get Error Text : [[ChromeDriver: chrome on WINDOWS (9d0a776d39841bc8807123a86b53f78b)] -> xpath: //div[@id='error']]
2022-07-14 10:07:225 INFO  ManageDriver :33 - Launching Chrome Browser
2022-07-14 10:07:544 INFO  HomePage :32 - Click on Accept cookies : [[ChromeDriver: chrome on WINDOWS (3aa3634dc5aa1378128acd7ac330d9a5)] -> xpath: //button[@id='ccc-notify-accept']]
2022-07-14 10:07:620 INFO  HomePage :27 - Click on Login link : [[ChromeDriver: chrome on WINDOWS (3aa3634dc5aa1378128acd7ac330d9a5)] -> xpath: //a[contains(text(),'Login')]]
2022-07-14 10:07:66 INFO  LoginPage :63 - Send username to usernameField : [[ChromeDriver: chrome on WINDOWS (3aa3634dc5aa1378128acd7ac330d9a5)] -> xpath: //input[@id='login_inp']]
2022-07-14 10:07:125 INFO  LoginPage :51 - Send password to passwordField : [[ChromeDriver: chrome on WINDOWS (3aa3634dc5aa1378128acd7ac330d9a5)] -> xpath: //input[@type='password']]
2022-07-14 10:07:180 INFO  LoginPage :46 - Click on Login button : [[ChromeDriver: chrome on WINDOWS (3aa3634dc5aa1378128acd7ac330d9a5)] -> xpath: //button[contains(text(),'Login')]]
2022-07-14 10:07:660 INFO  LoginPage :40 - Get Error Text : [[ChromeDriver: chrome on WINDOWS (3aa3634dc5aa1378128acd7ac330d9a5)] -> xpath: //div[@id='error']]
2022-07-14 10:07:08 INFO  ManageDriver :33 - Launching Chrome Browser
2022-07-14 10:07:279 INFO  HomePage :32 - Click on Accept cookies : [[ChromeDriver: chrome on WINDOWS (ca5a252b11f5a296921083f623412e45)] -> xpath: //button[@id='ccc-notify-accept']]
2022-07-14 10:07:361 INFO  HomePage :27 - Click on Login link : [[ChromeDriver: chrome on WINDOWS (ca5a252b11f5a296921083f623412e45)] -> xpath: //a[contains(text(),'Login')]]
2022-07-14 10:07:816 INFO  LoginPage :63 - Send username to usernameField : [[ChromeDriver: chrome on WINDOWS (ca5a252b11f5a296921083f623412e45)] -> xpath: //input[@id='login_inp']]
2022-07-14 10:07:881 INFO  LoginPage :51 - Send password to passwordField : [[ChromeDriver: chrome on WINDOWS (ca5a252b11f5a296921083f623412e45)] -> xpath: //input[@type='password']]
2022-07-14 10:07:939 INFO  LoginPage :46 - Click on Login button : [[ChromeDriver: chrome on WINDOWS (ca5a252b11f5a296921083f623412e45)] -> xpath: //button[contains(text(),'Login')]]
2022-07-14 10:07:406 INFO  LoginPage :40 - Get Error Text : [[ChromeDriver: chrome on WINDOWS (ca5a252b11f5a296921083f623412e45)] -> xpath: //div[@id='error']]
2022-07-27 11:07:916 INFO  ManageDriver :33 - Launching Chrome Browser
2022-07-27 11:07:599 INFO  HomePage :36 - Click on Accept cookies : [[ChromeDriver: chrome on WINDOWS (eb318d1732497b09ff918f50eb1edc7f)] -> xpath: //button[@id='ccc-notify-accept']]
2022-07-27 11:07:664 INFO  HomePage :30 - Click on Login link : [[ChromeDriver: chrome on WINDOWS (eb318d1732497b09ff918f50eb1edc7f)] -> xpath: //a[contains(text(),'Login')]]
2022-07-27 11:07:47 INFO  LoginPage :63 - Send username to usernameField : [[ChromeDriver: chrome on WINDOWS (eb318d1732497b09ff918f50eb1edc7f)] -> xpath: //input[@id='login_inp']]
2022-07-27 11:07:102 INFO  LoginPage :51 - Send password to passwordField : [[ChromeDriver: chrome on WINDOWS (eb318d1732497b09ff918f50eb1edc7f)] -> xpath: //input[@type='password']]
2022-07-27 11:07:162 INFO  LoginPage :46 - Click on Login button : [[ChromeDriver: chrome on WINDOWS (eb318d1732497b09ff918f50eb1edc7f)] -> xpath: //button[contains(text(),'Login')]]
2022-07-27 11:07:598 INFO  LoginPage :40 - Get Error Text : [[ChromeDriver: chrome on WINDOWS (eb318d1732497b09ff918f50eb1edc7f)] -> xpath: //div[@id='error']]
2022-08-04 16:08:245 INFO  ManageDriver :33 - Launching Chrome Browser
2022-08-04 16:08:360 INFO  ManageDriver :33 - Launching Chrome Browser
2022-08-04 16:08:282 INFO  HomePage :36 - Click on Accept cookies : [[ChromeDriver: chrome on WINDOWS (b1ae3e40a8e0eab9fb787d3d0fb12891)] -> xpath: //button[@id='ccc-notify-accept']]
2022-08-04 16:08:353 INFO  HomePage :30 - Click on Login link : [[ChromeDriver: chrome on WINDOWS (b1ae3e40a8e0eab9fb787d3d0fb12891)] -> xpath: //a[contains(text(),'Login')]]
2022-08-04 16:08:807 INFO  LoginPage :63 - Send username to usernameField : [[ChromeDriver: chrome on WINDOWS (b1ae3e40a8e0eab9fb787d3d0fb12891)] -> xpath: //input[@id='login_inp']]
2022-08-04 16:08:863 INFO  LoginPage :51 - Send password to passwordField : [[ChromeDriver: chrome on WINDOWS (b1ae3e40a8e0eab9fb787d3d0fb12891)] -> xpath: //input[@type='password']]
2022-08-04 16:08:913 INFO  LoginPage :46 - Click on Login button : [[ChromeDriver: chrome on WINDOWS (b1ae3e40a8e0eab9fb787d3d0fb12891)] -> xpath: //button[contains(text(),'Login')]]
2022-08-04 16:08:293 INFO  LoginPage :40 - Get Error Text : [[ChromeDriver: chrome on WINDOWS (b1ae3e40a8e0eab9fb787d3d0fb12891)] -> xpath: //div[@id='error']]
2022-08-04 16:08:869 INFO  ManageDriver :33 - Launching Chrome Browser
2022-08-04 16:08:842 INFO  HomePage :36 - Click on Accept cookies : [[ChromeDriver: chrome on WINDOWS (9b011d223cb139ef353241ca44be58a3)] -> xpath: //button[@id='ccc-notify-accept']]
2022-08-04 16:08:902 INFO  HomePage :30 - Click on Login link : [[ChromeDriver: chrome on WINDOWS (9b011d223cb139ef353241ca44be58a3)] -> xpath: //a[contains(text(),'Login')]]
2022-08-04 16:08:287 INFO  LoginPage :63 - Send username to usernameField : [[ChromeDriver: chrome on WINDOWS (9b011d223cb139ef353241ca44be58a3)] -> xpath: //input[@id='login_inp']]
2022-08-04 16:08:335 INFO  LoginPage :51 - Send password to passwordField : [[ChromeDriver: chrome on WINDOWS (9b011d223cb139ef353241ca44be58a3)] -> xpath: //input[@type='password']]
2022-08-04 16:08:389 INFO  LoginPage :46 - Click on Login button : [[ChromeDriver: chrome on WINDOWS (9b011d223cb139ef353241ca44be58a3)] -> xpath: //button[contains(text(),'Login')]]
2022-08-04 16:08:788 INFO  LoginPage :40 - Get Error Text : [[ChromeDriver: chrome on WINDOWS (9b011d223cb139ef353241ca44be58a3)] -> xpath: //div[@id='error']]
